<?xml version="1.0" encoding="UTF-8"?>
<testng-results ignored="0" total="1" passed="1" failed="0" skipped="0">
  <reporter-output>
    <line>
      <![CDATA[About to begin executing Test Test]]>
    </line>
    <line>
      <![CDATA[Test Method resides in test_scripts.ForgotPassword_API]]>
    </line>
    <line>
      <![CDATA[Test Status: Pass]]>
    </line>
  </reporter-output>
  <suite started-at="2020-03-06T17:36:40 IST" name="Suite2" finished-at="2020-03-06T17:36:45 IST" duration-ms="4157">
    <groups>
    </groups>
    <test started-at="2020-03-06T17:36:40 IST" name="Test" finished-at="2020-03-06T17:36:45 IST" duration-ms="4157">
      <class name="test_scripts.ForgotPassword_API">
        <test-method signature="ForgotPassword()[pri:0, instance:test_scripts.ForgotPassword_API@3943a2be]" started-at="2020-03-06T17:36:41 IST" name="ForgotPassword" finished-at="2020-03-06T17:36:45 IST" duration-ms="3822" status="PASS">
          <reporter-output>
            <line>
              <![CDATA[Test Method resides in test_scripts.ForgotPassword_API]]>
            </line>
            <line>
              <![CDATA[Test Status: Pass]]>
            </line>
          </reporter-output>
        </test-method> <!-- ForgotPassword -->
      </class> <!-- test_scripts.ForgotPassword_API -->
    </test> <!-- Test -->
  </suite> <!-- Suite2 -->
</testng-results>
