<?xml version="1.0" encoding="UTF-8"?>
<testng-results ignored="0" total="2" passed="2" failed="0" skipped="0">
  <reporter-output>
    <line>
      <![CDATA[About to begin executing Test Test]]>
    </line>
    <line>
      <![CDATA[Test Method resides in test_scripts.ForgotPassword_API]]>
    </line>
    <line>
      <![CDATA[Test Status: Pass]]>
    </line>
    <line>
      <![CDATA[Test Method resides in test_scripts.SignIn_API]]>
    </line>
    <line>
      <![CDATA[Test Status: Pass]]>
    </line>
  </reporter-output>
  <suite started-at="2020-03-06T17:16:00 IST" name="Suite" finished-at="2020-03-06T17:16:03 IST" duration-ms="3719">
    <groups>
    </groups>
    <test started-at="2020-03-06T17:16:00 IST" name="Test" finished-at="2020-03-06T17:16:03 IST" duration-ms="3719">
      <class name="test_scripts.ForgotPassword_API">
        <test-method signature="SignIn()[pri:0, instance:test_scripts.ForgotPassword_API@6aecbb8d]" started-at="2020-03-06T17:16:00 IST" name="SignIn" finished-at="2020-03-06T17:16:03 IST" duration-ms="2673" status="PASS">
          <reporter-output>
            <line>
              <![CDATA[Test Method resides in test_scripts.ForgotPassword_API]]>
            </line>
            <line>
              <![CDATA[Test Status: Pass]]>
            </line>
          </reporter-output>
        </test-method> <!-- SignIn -->
      </class> <!-- test_scripts.ForgotPassword_API -->
      <class name="test_scripts.SignIn_API">
        <test-method signature="SignIn()[pri:0, instance:test_scripts.SignIn_API@1af146]" started-at="2020-03-06T17:16:03 IST" name="SignIn" finished-at="2020-03-06T17:16:03 IST" duration-ms="750" status="PASS">
          <reporter-output>
            <line>
              <![CDATA[Test Method resides in test_scripts.SignIn_API]]>
            </line>
            <line>
              <![CDATA[Test Status: Pass]]>
            </line>
          </reporter-output>
        </test-method> <!-- SignIn -->
      </class> <!-- test_scripts.SignIn_API -->
    </test> <!-- Test -->
  </suite> <!-- Suite -->
</testng-results>
