<?xml version="1.0" encoding="UTF-8"?>
<testng-results ignored="0" total="2" passed="2" failed="0" skipped="0">
  <reporter-output>
  </reporter-output>
  <suite started-at="2020-03-03T14:49:46 IST" name="Suite" finished-at="2020-03-03T14:49:52 IST" duration-ms="5969">
    <groups>
    </groups>
    <test started-at="2020-03-03T14:49:46 IST" name="Test" finished-at="2020-03-03T14:49:52 IST" duration-ms="5969">
      <class name="test_scripts.ForgotPassword_API">
        <test-method signature="SignIn()[pri:0, instance:test_scripts.ForgotPassword_API@482bce4f]" started-at="2020-03-03T14:49:46 IST" name="SignIn" finished-at="2020-03-03T14:49:50 IST" duration-ms="3503" status="PASS">
          <reporter-output>
          </reporter-output>
        </test-method> <!-- SignIn -->
      </class> <!-- test_scripts.ForgotPassword_API -->
      <class name="test_scripts.SignIn_API">
        <test-method signature="SignIn()[pri:0, instance:test_scripts.SignIn_API@366647c2]" started-at="2020-03-03T14:49:50 IST" name="SignIn" finished-at="2020-03-03T14:49:52 IST" duration-ms="2367" status="PASS">
          <reporter-output>
          </reporter-output>
        </test-method> <!-- SignIn -->
      </class> <!-- test_scripts.SignIn_API -->
    </test> <!-- Test -->
  </suite> <!-- Suite -->
</testng-results>
